  imgui.cpp
  imgui_draw.cpp
  imgui_impl_dx11.cpp
  imgui_impl_win32.cpp
  imgui_tables.cpp
  imgui_widgets.cpp
  d3d_helpers.cpp
  imgui_init_helpers.cpp
  windows_helpers.cpp
  main.cpp
  main_login.cpp
  phone.cpp
  Generating code
  5 of 2179 functions ( 0.2%) were compiled, the rest were copied from previous compilation.
    0 functions were new in current compilation
    46 functions had inline decision re-evaluated but remain unchanged
  Finished generating code
  future-gadget-login.vcxproj -> E:\SourceCode\imgui\future-gadget-login\project\build\Release\future-gadget-login.exe
  'pwsh.exe' is not recognized as an internal or external command,
  operable program or batch file.
  
  Could Not Find E:\SourceCode\imgui\future-gadget-login\project\build\Release\*.ilk
