e:\sourcecode\imgui\future-gadget-login\project\build\debug\vc143.pdb
e:\sourcecode\imgui\future-gadget-login\project\build\debug\vc143.idb
e:\sourcecode\imgui\future-gadget-login\project\build\debug\main_login.obj
e:\sourcecode\imgui\future-gadget-login\project\build\debug\windows_helpers.obj
e:\sourcecode\imgui\future-gadget-login\project\build\debug\main.obj
e:\sourcecode\imgui\future-gadget-login\project\build\debug\imgui_init_helpers.obj
e:\sourcecode\imgui\future-gadget-login\project\build\debug\d3d_helpers.obj
e:\sourcecode\imgui\future-gadget-login\project\build\debug\imgui_impl_win32.obj
e:\sourcecode\imgui\future-gadget-login\project\build\debug\imgui_impl_dx11.obj
e:\sourcecode\imgui\future-gadget-login\project\build\debug\imgui.obj
e:\sourcecode\imgui\future-gadget-login\project\build\debug\imgui_demo.obj
e:\sourcecode\imgui\future-gadget-login\project\build\debug\imgui_draw.obj
e:\sourcecode\imgui\future-gadget-login\project\build\debug\imgui_tables.obj
e:\sourcecode\imgui\future-gadget-login\project\build\debug\imgui_widgets.obj
e:\sourcecode\imgui\future-gadget-login\project\build\debug\future-gadget-login.pdb
e:\sourcecode\imgui\future-gadget-login\project\build\debug\future-gadget-login.vcxproj.filelistabsolute.txt
e:\sourcecode\imgui\future-gadget-login\project\build\debug\future-g.9f316e83.tlog\cl.command.1.tlog
e:\sourcecode\imgui\future-gadget-login\project\build\debug\future-g.9f316e83.tlog\cl.read.1.tlog
e:\sourcecode\imgui\future-gadget-login\project\build\debug\future-g.9f316e83.tlog\cl.write.1.tlog
e:\sourcecode\imgui\future-gadget-login\project\build\debug\future-g.9f316e83.tlog\link-cvtres.read.1.tlog
e:\sourcecode\imgui\future-gadget-login\project\build\debug\future-g.9f316e83.tlog\link-cvtres.write.1.tlog
e:\sourcecode\imgui\future-gadget-login\project\build\debug\future-g.9f316e83.tlog\link-rc.read.1.tlog
e:\sourcecode\imgui\future-gadget-login\project\build\debug\future-g.9f316e83.tlog\link-rc.write.1.tlog
e:\sourcecode\imgui\future-gadget-login\project\build\debug\future-g.9f316e83.tlog\link.command.1.tlog
e:\sourcecode\imgui\future-gadget-login\project\build\debug\future-g.9f316e83.tlog\link.read.1.tlog
e:\sourcecode\imgui\future-gadget-login\project\build\debug\future-g.9f316e83.tlog\link.read.2.tlog
e:\sourcecode\imgui\future-gadget-login\project\build\debug\future-g.9f316e83.tlog\link.write.1.tlog
